<?xml version="1.0" encoding="UTF-8"?>
<!-- Generated by org.testng.reporters.JUnitXMLReporter -->
<testsuite hostname="DESKTOP-FCV789S" name="IETest" tests="1" failures="0" timestamp="16 May 2020 19:21:12 GMT" time="2.47" errors="0">
  <testcase name="@BeforeTest launchbrowser" time="0.0" classname="seleniumGrid.TestGridClass">
    <failure type="org.openqa.selenium.SessionNotCreatedException" message="Unable to create session from {
  &amp;quot;desiredCapabilities&amp;quot;: {
    &amp;quot;browserName&amp;quot;: &amp;quot;ie&amp;quot;,
    &amp;quot;version&amp;quot;: &amp;quot;&amp;quot;,
    &amp;quot;platform&amp;quot;: &amp;quot;ANY&amp;quot;
  },
  &amp;quot;capabilities&amp;quot;: {
    &amp;quot;firstMatch&amp;quot;: [
      {
        &amp;quot;browserName&amp;quot;: &amp;quot;ie&amp;quot;
      }
    ]
  }
}
Build info: version: &amp;apos;3.141.59&amp;apos;, revision: &amp;apos;e82be7d358&amp;apos;, time: &amp;apos;2018-11-14T08:25:53&amp;apos;
System info: host: &amp;apos;DESKTOP-FCV789S&amp;apos;, ip: &amp;apos;10.0.75.1&amp;apos;, os.name: &amp;apos;Windows 10&amp;apos;, os.arch: &amp;apos;amd64&amp;apos;, os.version: &amp;apos;10.0&amp;apos;, java.version: &amp;apos;1.8.0_221&amp;apos;
Driver info: driver.version: unknown
Command duration or timeout: 154 milliseconds">
      <![CDATA[org.openqa.selenium.SessionNotCreatedException: Unable to create session from {
  "desiredCapabilities": {
    "browserName": "ie",
    "version": "",
    "platform": "ANY"
  },
  "capabilities": {
    "firstMatch": [
      {
        "browserName": "ie"
      }
    ]
  }
}
Build info: version: '3.141.59', revision: 'e82be7d358', time: '2018-11-14T08:25:53'
System info: host: 'DESKTOP-FCV789S', ip: '10.0.75.1', os.name: 'Windows 10', os.arch: 'amd64', os.version: '10.0', java.version: '1.8.0_221'
Driver info: driver.version: unknown
Command duration or timeout: 154 milliseconds
	at org.openqa.selenium.remote.ErrorHandler.createThrowable(ErrorHandler.java:214)
	at org.openqa.selenium.remote.ErrorHandler.throwIfResponseFailed(ErrorHandler.java:166)
	at org.openqa.selenium.remote.JsonWireProtocolResponse.lambda$new$0(JsonWireProtocolResponse.java:53)
	at org.openqa.selenium.remote.JsonWireProtocolResponse.lambda$getResponseFunction$2(JsonWireProtocolResponse.java:91)
	at org.openqa.selenium.remote.ProtocolHandshake.lambda$createSession$0(ProtocolHandshake.java:123)
	at java.util.stream.ReferencePipeline$3$1.accept(Unknown Source)
	at java.util.Spliterators$ArraySpliterator.tryAdvance(Unknown Source)
	at java.util.stream.ReferencePipeline.forEachWithCancel(Unknown Source)
	at java.util.stream.AbstractPipeline.copyIntoWithCancel(Unknown Source)
	at java.util.stream.AbstractPipeline.copyInto(Unknown Source)
	at java.util.stream.AbstractPipeline.wrapAndCopyInto(Unknown Source)
	at java.util.stream.FindOps$FindOp.evaluateSequential(Unknown Source)
	at java.util.stream.AbstractPipeline.evaluate(Unknown Source)
	at java.util.stream.ReferencePipeline.findFirst(Unknown Source)
	at org.openqa.selenium.remote.ProtocolHandshake.createSession(ProtocolHandshake.java:126)
	at org.openqa.selenium.remote.ProtocolHandshake.createSession(ProtocolHandshake.java:73)
	at org.openqa.selenium.remote.HttpCommandExecutor.execute(HttpCommandExecutor.java:136)
	at org.openqa.selenium.remote.RemoteWebDriver.execute(RemoteWebDriver.java:543)
	at org.openqa.selenium.remote.RemoteWebDriver.startSession(RemoteWebDriver.java:207)
	at org.openqa.selenium.remote.RemoteWebDriver.<init>(RemoteWebDriver.java:130)
	at org.openqa.selenium.remote.RemoteWebDriver.<init>(RemoteWebDriver.java:143)
	at seleniumGrid.TestGridClass.launchbrowser(TestGridClass.java:56)
	at java.util.concurrent.FutureTask.run(Unknown Source)
	at java.util.concurrent.ThreadPoolExecutor.runWorker(Unknown Source)
	at java.util.concurrent.ThreadPoolExecutor$Worker.run(Unknown Source)
	at java.lang.Thread.run(Unknown Source)
Caused by: org.openqa.selenium.SessionNotCreatedException: Unable to create session from {
  "desiredCapabilities": {
    "browserName": "ie",
    "version": "",
    "platform": "ANY"
  },
  "capabilities": {
    "firstMatch": [
      {
        "browserName": "ie"
      }
    ]
  }
}
Build info: version: '3.141.59', revision: 'e82be7d358', time: '2018-11-14T08:25:53'
System info: host: 'DESKTOP-FCV789S', ip: '10.0.75.1', os.name: 'Windows 10', os.arch: 'amd64', os.version: '10.0', java.version: '1.8.0_221'
Driver info: driver.version: unknown
Build info: version: '3.12.0', revision: '7c6e0b3', time: '2018-05-08T14:04:26.12Z'
System info: host: 'DESKTOP-FCV789S', ip: '10.0.75.1', os.name: 'Windows 10', os.arch: 'amd64', os.version: '10.0', java.version: '1.8.0_221'
Driver info: driver.version: unknown
	at org.openqa.selenium.remote.server.NewSessionPipeline.lambda$null$4(NewSessionPipeline.java:76)
	at java.util.Optional.orElseThrow(Unknown Source)
	at org.openqa.selenium.remote.server.NewSessionPipeline.lambda$createNewSession$5(NewSessionPipeline.java:75)
	at java.util.Optional.orElseGet(Unknown Source)
	at org.openqa.selenium.remote.server.NewSessionPipeline.createNewSession(NewSessionPipeline.java:73)
	at org.openqa.selenium.remote.server.commandhandler.BeginSession.execute(BeginSession.java:65)
	at org.openqa.selenium.remote.server.WebDriverServlet.lambda$handle$0(WebDriverServlet.java:235)
	at java.util.concurrent.Executors$RunnableAdapter.call(Unknown Source)
	... 4 more
... Removed 18 stack frames]]>
    </failure>
  </testcase> <!-- @BeforeTest launchbrowser -->
  <testcase name="@AfterTest closeBrowser" time="0.0" classname="seleniumGrid.TestGridClass">
    <skipped/>
  </testcase> <!-- @AfterTest closeBrowser -->
  <testcase name="calculatepercent" time="0.002" classname="seleniumGrid.TestGridClass">
    <skipped/>
  </testcase> <!-- calculatepercent -->
</testsuite> <!-- IETest -->
