<?xml version="1.0" encoding="UTF-8"?>
<testng-results skipped="0" failed="0" total="3" passed="3">
  <reporter-output>
  </reporter-output>
  <suite name="Suite" duration-ms="113671" started-at="2020-05-28T08:16:13Z" finished-at="2020-05-28T08:18:06Z">
    <groups>
    </groups>
    <test name="IE" duration-ms="86862" started-at="2020-05-28T08:16:13Z" finished-at="2020-05-28T08:17:39Z">
      <class name="seleniumGrid.TestGridClass">
        <test-method status="PASS" signature="launchbrowser(java.lang.String)[pri:0, instance:seleniumGrid.TestGridClass@4fb64261]" name="launchbrowser" is-config="true" duration-ms="62633" started-at="2020-05-28T13:46:13Z" finished-at="2020-05-28T13:47:15Z">
          <params>
            <param index="0">
              <value>
                <![CDATA[ie]]>
              </value>
            </param>
          </params>
          <reporter-output>
          </reporter-output>
        </test-method> <!-- launchbrowser -->
        <test-method status="PASS" signature="calculatepercent()[pri:0, instance:seleniumGrid.TestGridClass@4fb64261]" name="calculatepercent" duration-ms="18492" started-at="2020-05-28T13:47:15Z" finished-at="2020-05-28T13:47:34Z">
          <reporter-output>
          </reporter-output>
        </test-method> <!-- calculatepercent -->
        <test-method status="PASS" signature="tearDown()[pri:0, instance:seleniumGrid.TestGridClass@4fb64261]" name="tearDown" is-config="true" duration-ms="5720" started-at="2020-05-28T13:47:34Z" finished-at="2020-05-28T13:47:39Z">
          <reporter-output>
          </reporter-output>
        </test-method> <!-- tearDown -->
      </class> <!-- seleniumGrid.TestGridClass -->
    </test> <!-- IE -->
    <test name="Chrome" duration-ms="88206" started-at="2020-05-28T08:16:13Z" finished-at="2020-05-28T08:17:41Z">
      <class name="seleniumGrid.TestGridClass">
        <test-method status="PASS" signature="launchbrowser(java.lang.String)[pri:0, instance:seleniumGrid.TestGridClass@481a15ff]" name="launchbrowser" is-config="true" duration-ms="68276" started-at="2020-05-28T13:46:13Z" finished-at="2020-05-28T13:47:21Z">
          <params>
            <param index="0">
              <value>
                <![CDATA[chrome]]>
              </value>
            </param>
          </params>
          <reporter-output>
          </reporter-output>
        </test-method> <!-- launchbrowser -->
        <test-method status="PASS" signature="calculatepercent()[pri:0, instance:seleniumGrid.TestGridClass@481a15ff]" name="calculatepercent" duration-ms="13759" started-at="2020-05-28T13:47:21Z" finished-at="2020-05-28T13:47:35Z">
          <reporter-output>
          </reporter-output>
        </test-method> <!-- calculatepercent -->
        <test-method status="PASS" signature="tearDown()[pri:0, instance:seleniumGrid.TestGridClass@481a15ff]" name="tearDown" is-config="true" duration-ms="6163" started-at="2020-05-28T13:47:35Z" finished-at="2020-05-28T13:47:41Z">
          <reporter-output>
          </reporter-output>
        </test-method> <!-- tearDown -->
      </class> <!-- seleniumGrid.TestGridClass -->
    </test> <!-- Chrome -->
    <test name="Firefox" duration-ms="113671" started-at="2020-05-28T08:16:13Z" finished-at="2020-05-28T08:18:06Z">
      <class name="seleniumGrid.TestGridClass">
        <test-method status="PASS" signature="launchbrowser(java.lang.String)[pri:0, instance:seleniumGrid.TestGridClass@4c762604]" name="launchbrowser" is-config="true" duration-ms="82037" started-at="2020-05-28T13:46:13Z" finished-at="2020-05-28T13:47:35Z">
          <params>
            <param index="0">
              <value>
                <![CDATA[firefox]]>
              </value>
            </param>
          </params>
          <reporter-output>
          </reporter-output>
        </test-method> <!-- launchbrowser -->
        <test-method status="PASS" signature="calculatepercent()[pri:0, instance:seleniumGrid.TestGridClass@4c762604]" name="calculatepercent" duration-ms="21135" started-at="2020-05-28T13:47:35Z" finished-at="2020-05-28T13:47:56Z">
          <reporter-output>
          </reporter-output>
        </test-method> <!-- calculatepercent -->
        <test-method status="PASS" signature="tearDown()[pri:0, instance:seleniumGrid.TestGridClass@4c762604]" name="tearDown" is-config="true" duration-ms="10492" started-at="2020-05-28T13:47:56Z" finished-at="2020-05-28T13:48:06Z">
          <reporter-output>
          </reporter-output>
        </test-method> <!-- tearDown -->
      </class> <!-- seleniumGrid.TestGridClass -->
    </test> <!-- Firefox -->
  </suite> <!-- Suite -->
</testng-results>
